2026-03-13 16:03:53,979 [INFO] __main__ - Log iniciado em: C:\Projetos\revo360-bot\downloads\logs\execucao_20260313_160353.log
2026-03-13 16:03:53,981 [WARNING] __main__ - Execucao manual solicitada para ciclo 2026-03-12 (server=True ftp=False).
2026-03-13 16:03:53,981 [INFO] __main__ - Lock de instancia adquirido: C:\Projetos\revo360-bot\downloads\logs\revo360.lock
2026-03-13 16:03:53,981 [WARNING] __main__ - Execucao forcada: ignorando o agendamento configurado.
2026-03-13 16:03:53,981 [INFO] __main__ - Inicio do ciclo 2026-03-12 em 2026-03-13T16:03:53
2026-03-13 16:03:53,982 [INFO] __main__ - State do ciclo removido por --force-run: C:\Projetos\revo360-bot\downloads\logs\state_2026-03-12.json
2026-03-13 16:03:53,983 [INFO] __main__ - Ciclo 2026-03-12 carregado com targets: server=True ftp=False
2026-03-13 16:03:53,983 [INFO] __main__ - Pre-validacao de configuracao concluida: 2 source(s) configurado(s).
2026-03-13 16:03:53,984 [INFO] __main__ - Source selecionado manualmente: siscobra_planalto
2026-03-13 16:03:53,984 [INFO] __main__ - Sources habilitados para este ciclo (1): siscobra_planalto
2026-03-13 16:03:53,984 [INFO] __main__ - Processando source 1/1: siscobra_planalto
2026-03-13 16:03:53,985 [INFO] __main__.source.siscobra_planalto - Iniciando pipeline do source=siscobra_planalto
2026-03-13 16:03:53,986 [INFO] __main__.source.siscobra_planalto - Source siscobra_planalto - tentativa 1/10
2026-03-13 16:03:53,986 [INFO] __main__.source.siscobra_planalto - Executando etapa download (try=1).
2026-03-13 16:03:53,986 [INFO] __main__.source.siscobra_planalto - Iniciando login no REVO360 para o ciclo 2026-03-12 (source=siscobra_planalto)
2026-03-13 16:03:53,988 [INFO] WDM - ====== WebDriver manager ======
2026-03-13 16:03:54,717 [INFO] WDM - Get LATEST chromedriver version for google-chrome
2026-03-13 16:03:55,015 [INFO] WDM - Get LATEST chromedriver version for google-chrome
2026-03-13 16:03:55,307 [INFO] WDM - Driver [C:\Users\rafael.flores\.wdm\drivers\chromedriver\win64\146.0.7680.76\chromedriver-win32/chromedriver.exe] found in cache
2026-03-13 16:04:07,847 [INFO] __main__.source.siscobra_planalto - Login realizado com sucesso
2026-03-13 16:04:07,848 [INFO] __main__.source.siscobra_planalto - File Manager sera consultado via navegacao e form submit no navegador autenticado
2026-03-13 16:04:07,848 [INFO] __main__.source.siscobra_planalto - Consultando pasta remota no navegador autenticado: Exportação Siscobra Planalto
2026-03-13 16:04:07,848 [INFO] core.download_api - Executando listagem via navegacao do navegador para a pasta 'Exportação Siscobra Planalto'
2026-03-13 16:04:07,853 [INFO] core.download_api - Usando base URL configurada para o contexto same-origin do File Manager: https://nef.revo360.io:10024
2026-03-13 16:04:07,853 [INFO] core.download_api - Garantindo contexto same-origin do File Manager na mesma aba: handle_atual=58F8CD562117E870CA8836A518DF5A6E url_atual=https://nef.revo360.io/ url_original=https://nef.revo360.io/ base_url=https://nef.revo360.io:10024
2026-03-13 16:04:08,030 [INFO] core.download_api - Contexto same-origin do File Manager validado: handle=58F8CD562117E870CA8836A518DF5A6E url=https://nef.revo360.io:10024/ readyState=complete
2026-03-13 16:04:08,031 [INFO] core.download_api - Contexto do File Manager carregado na mesma guia: handle_atual=58F8CD562117E870CA8836A518DF5A6E handle_original=58F8CD562117E870CA8836A518DF5A6E handle_file_manager=58F8CD562117E870CA8836A518DF5A6E url_atual=https://nef.revo360.io:10024/ url_original=https://nef.revo360.io/ mesma_aba=True aba_nova=False
2026-03-13 16:04:08,035 [INFO] core.download_api - Executando listagem da pasta 'Exportação Siscobra Planalto' no navegador autenticado: handle_atual=58F8CD562117E870CA8836A518DF5A6E handle_original=58F8CD562117E870CA8836A518DF5A6E handle_file_manager=58F8CD562117E870CA8836A518DF5A6E url_atual=https://nef.revo360.io:10024/ url_original=https://nef.revo360.io/ mesma_aba=True aba_nova=False base_url=https://nef.revo360.io:10024 endpoint=https://nef.revo360.io:10024/api/file-manager-file-system
2026-03-13 16:04:08,036 [INFO] core.download_api - Navegando na aba do File Manager para listar arquivos: handle_file_manager=58F8CD562117E870CA8836A518DF5A6E url=https://nef.revo360.io:10024/api/file-manager-file-system?path=..%5CUPLOAD&command=GetDirContents&arguments=%7B%22pathInfo%22%3A+%5B%7B%22key%22%3A+%22Exporta%C3%A7%C3%A3o+Siscobra+Planalto%22%2C+%22name%22%3A+%22Exporta%C3%A7%C3%A3o+Siscobra+Planalto%22%7D%5D%7D
2026-03-13 16:04:08,120 [INFO] core.download_api - Contexto same-origin do File Manager validado: handle=58F8CD562117E870CA8836A518DF5A6E url=https://nef.revo360.io:10024/api/file-manager-file-system?path=..%5CUPLOAD&command=GetDirContents&arguments=%7B%22pathInfo%22%3A+%5B%7B%22key%22%3A+%22Exporta%C3%A7%C3%A3o+Siscobra+Planalto%22%2C+%22name%22%3A+%22Exporta%C3%A7%C3%A3o+Siscobra+Planalto%22%7D%5D%7D readyState=complete
2026-03-13 16:04:08,125 [INFO] core.download_api - Payload bruto da listagem (primeiros 1000 caracteres): handle_atual=58F8CD562117E870CA8836A518DF5A6E url_atual=https://nef.revo360.io:10024/api/file-manager-file-system?path=..%5CUPLOAD&command=GetDirContents&arguments=%7B%22pathInfo%22%3A+%5B%7B%22key%22%3A+%22Exporta%C3%A7%C3%A3o+Siscobra+Planalto%22%2C+%22name%22%3A+%22Exporta%C3%A7%C3%A3o+Siscobra+Planalto%22%7D%5D%7D url_original=https://nef.revo360.io/ mesma_aba=True payload={"success":true,"errorCode":null,"errorText":"","result":[{"key":"Exportação Siscobra Planalto\\Exportacao_Siscobra_Planalto_20260312.csv","name":"Exportacao_Siscobra_Planalto_20260312.csv","dateModified":"2026-03-12T22:30:00.9848844Z","isDirectory":false,"size":46875,"hasSubDirectories":false}]}
2026-03-13 16:04:08,126 [INFO] core.download_api - Listagem via navegacao do navegador concluida: 1 item(ns) em 'Exportação Siscobra Planalto'
2026-03-13 16:04:08,126 [INFO] __main__.source.siscobra_planalto - Listagem via navegacao do navegador concluida: 1 item(ns) em 'Exportação Siscobra Planalto'
2026-03-13 16:04:08,126 [INFO] __main__.source.siscobra_planalto - Arquivo selecionado para o ciclo 2026-03-12 (source=siscobra_planalto): Exportacao_Siscobra_Planalto_20260312.csv
2026-03-13 16:04:08,127 [INFO] core.download - Limpeza pre-download removeu 1 arquivo(s): Exportacao_Siscobra_Planalto_20260312.csv
2026-03-13 16:04:08,127 [INFO] __main__.source.siscobra_planalto - Iniciando download via form submit no navegador: Exportacao_Siscobra_Planalto_20260312.csv
2026-03-13 16:04:08,128 [INFO] core.download_api - Disparando download via form submit no navegador: pasta='Exportação Siscobra Planalto' arquivo='Exportacao_Siscobra_Planalto_20260312.csv'
2026-03-13 16:04:08,133 [INFO] core.download_api - Usando base URL configurada para o contexto same-origin do File Manager: https://nef.revo360.io:10024
2026-03-13 16:04:08,133 [INFO] core.download_api - Garantindo contexto same-origin do File Manager na mesma aba: handle_atual=58F8CD562117E870CA8836A518DF5A6E url_atual=https://nef.revo360.io:10024/api/file-manager-file-system?path=..%5CUPLOAD&command=GetDirContents&arguments=%7B%22pathInfo%22%3A+%5B%7B%22key%22%3A+%22Exporta%C3%A7%C3%A3o+Siscobra+Planalto%22%2C+%22name%22%3A+%22Exporta%C3%A7%C3%A3o+Siscobra+Planalto%22%7D%5D%7D url_original=https://nef.revo360.io:10024/api/file-manager-file-system?path=..%5CUPLOAD&command=GetDirContents&arguments=%7B%22pathInfo%22%3A+%5B%7B%22key%22%3A+%22Exporta%C3%A7%C3%A3o+Siscobra+Planalto%22%2C+%22name%22%3A+%22Exporta%C3%A7%C3%A3o+Siscobra+Planalto%22%7D%5D%7D base_url=https://nef.revo360.io:10024
2026-03-13 16:04:08,237 [INFO] core.download_api - Contexto same-origin do File Manager validado: handle=58F8CD562117E870CA8836A518DF5A6E url=https://nef.revo360.io:10024/ readyState=complete
2026-03-13 16:04:08,239 [INFO] core.download_api - Contexto do File Manager carregado na mesma guia: handle_atual=58F8CD562117E870CA8836A518DF5A6E handle_original=58F8CD562117E870CA8836A518DF5A6E handle_file_manager=58F8CD562117E870CA8836A518DF5A6E url_atual=https://nef.revo360.io:10024/ url_original=https://nef.revo360.io:10024/api/file-manager-file-system?path=..%5CUPLOAD&command=GetDirContents&arguments=%7B%22pathInfo%22%3A+%5B%7B%22key%22%3A+%22Exporta%C3%A7%C3%A3o+Siscobra+Planalto%22%2C+%22name%22%3A+%22Exporta%C3%A7%C3%A3o+Siscobra+Planalto%22%7D%5D%7D mesma_aba=True aba_nova=False
2026-03-13 16:04:08,243 [INFO] core.download_api - Executando download do arquivo 'Exportacao_Siscobra_Planalto_20260312.csv' no navegador autenticado: handle_atual=58F8CD562117E870CA8836A518DF5A6E handle_original=58F8CD562117E870CA8836A518DF5A6E handle_file_manager=58F8CD562117E870CA8836A518DF5A6E url_atual=https://nef.revo360.io:10024/ url_original=https://nef.revo360.io:10024/api/file-manager-file-system?path=..%5CUPLOAD&command=GetDirContents&arguments=%7B%22pathInfo%22%3A+%5B%7B%22key%22%3A+%22Exporta%C3%A7%C3%A3o+Siscobra+Planalto%22%2C+%22name%22%3A+%22Exporta%C3%A7%C3%A3o+Siscobra+Planalto%22%7D%5D%7D mesma_aba=True aba_nova=False base_url=https://nef.revo360.io:10024 endpoint=https://nef.revo360.io:10024/api/file-manager-file-system
2026-03-13 16:04:08,243 [INFO] core.download_api - Submetendo formulario de download na aba do File Manager: handle_file_manager=58F8CD562117E870CA8836A518DF5A6E action=https://nef.revo360.io:10024/api/file-manager-file-system?path=..%5CUPLOAD
2026-03-13 16:04:08,295 [INFO] core.download_api - Form submit de download disparado com sucesso: arquivo='Exportacao_Siscobra_Planalto_20260312.csv' action=https://nef.revo360.io:10024/api/file-manager-file-system?path=..%5CUPLOAD
2026-03-13 16:04:08,296 [INFO] __main__.source.siscobra_planalto - Download disparado. Aguardando arquivo no diretorio configurado: C:\Projetos\revo360-bot\downloads
2026-03-13 16:04:08,797 [INFO] core.download - Validacao do download concluida: Exportacao_Siscobra_Planalto_20260312.csv
2026-03-13 16:04:08,798 [INFO] __main__.source.siscobra_planalto - Download via navegador concluido: Exportacao_Siscobra_Planalto_20260312.csv
2026-03-13 16:04:08,798 [INFO] __main__.source.siscobra_planalto - Arquivo salvo em: C:\Projetos\revo360-bot\downloads\Exportacao_Siscobra_Planalto_20260312.csv
2026-03-13 16:04:08,798 [INFO] __main__.source.siscobra_planalto - Tamanho final do arquivo salvo: 46875 bytes
2026-03-13 16:04:08,798 [INFO] __main__.source.siscobra_planalto - Tempo total do download: 0.67s
2026-03-13 16:04:10,949 [INFO] __main__.source.siscobra_planalto - Etapa download concluida com sucesso.
2026-03-13 16:04:10,951 [INFO] __main__.source.siscobra_planalto - Executando etapa prepare (try=1).
2026-03-13 16:04:10,966 [WARNING] core.download - CSV convertido de cp1252 para UTF-8 antes do tratamento: LOCAL_3953_190_NABARRETEFERRO_ACIONAMENTOS_20260312_160353.csv.tmp
2026-03-13 16:04:11,051 [INFO] core.download - Cabecalho removido do CSV: LOCAL_3953_190_NABARRETEFERRO_ACIONAMENTOS_20260312_160353.csv.tmp
2026-03-13 16:04:11,051 [INFO] core.download - Arquivo XLSX de visualizacao gerado: LOCAL_3953_190_NABARRETEFERRO_ACIONAMENTOS_20260312_160353_excel.xlsx
2026-03-13 16:04:11,052 [INFO] __main__.source.siscobra_planalto - Prepare concluido: C:\Projetos\revo360-bot\downloads\LOCAL_3953_190_NABARRETEFERRO_ACIONAMENTOS_20260312_160353.csv
2026-03-13 16:04:11,052 [INFO] __main__.source.siscobra_planalto - Etapa prepare concluida com sucesso.
2026-03-13 16:04:11,053 [INFO] __main__.source.siscobra_planalto - Executando etapa send_server (try=1).
2026-03-13 16:04:11,114 [INFO] core.download - Arquivo copiado para servidor: Z:\control_desk\RETORNO\3953\LOCAL_3953_190_NABARRETEFERRO_ACIONAMENTOS_20260312_160353.csv
2026-03-13 16:04:11,115 [INFO] __main__.source.siscobra_planalto - Etapa send_server concluida com sucesso.
2026-03-13 16:04:11,116 [INFO] __main__.source.siscobra_planalto - Etapa send_ftp desabilitada pelos targets do ciclo. Marcando como SKIPPED.
2026-03-13 16:04:11,117 [INFO] __main__.source.siscobra_planalto - Enviando notificacao WhatsApp via WAHA (base_url=http://69.6.221.156:3000, session=default, destinatarios=3).
2026-03-13 16:04:14,790 [INFO] __main__.source.siscobra_planalto - Resumo enviado ao Google Chat.
2026-03-13 16:04:17,523 [ERROR] core.email_notifier - Falha ao enviar notificacao por e-mail: (535, b'5.7.8 Username and Password not accepted. For more information, go to\n5.7.8  https://support.google.com/mail/?p=BadCredentials 5a478bee46e88-2bead5a07d6sm3320112eec.27 - gsmtp')
Traceback (most recent call last):
  File "C:\Projetos\revo360-bot\src\core\email_notifier.py", line 90, in send_execution_email
    smtp.login(EMAIL_USER, EMAIL_PASSWORD)
    ~~~~~~~~~~^^^^^^^^^^^^^^^^^^^^^^^^^^^^
  File "C:\Program Files\Python313\Lib\smtplib.py", line 764, in login
    raise last_exception
  File "C:\Program Files\Python313\Lib\smtplib.py", line 753, in login
    (code, resp) = self.auth(
                   ~~~~~~~~~^
        authmethod, getattr(self, method_name),
        ^^^^^^^^^^^^^^^^^^^^^^^^^^^^^^^^^^^^^^^
        initial_response_ok=initial_response_ok)
        ^^^^^^^^^^^^^^^^^^^^^^^^^^^^^^^^^^^^^^^^
  File "C:\Program Files\Python313\Lib\smtplib.py", line 671, in auth
    raise SMTPAuthenticationError(code, resp)
smtplib.SMTPAuthenticationError: (535, b'5.7.8 Username and Password not accepted. For more information, go to\n5.7.8  https://support.google.com/mail/?p=BadCredentials 5a478bee46e88-2bead5a07d6sm3320112eec.27 - gsmtp')
2026-03-13 16:04:17,526 [INFO] __main__.source.siscobra_planalto - Source siscobra_planalto concluido com sucesso na tentativa 1.
2026-03-13 16:04:17,529 [INFO] __main__.source.siscobra_planalto - Metricas do source: started=2026-03-13T16:03:53 finished=2026-03-13T16:04:17 duration_s=23.543 category=success final_stage=send_server
2026-03-13 16:04:17,529 [INFO] __main__ - Source siscobra_planalto finalizado com status=SUCCESS
2026-03-13 16:04:17,529 [INFO] __main__ - Resumo final do ciclo por source (padrao observabilidade):
2026-03-13 16:04:17,529 [INFO] __main__ - source=default_0914 enabled=True category=skipped status=PENDING final_stage=download started=- finished=- duration_s=- expected=- resolved=- server=True ftp=False error=-
2026-03-13 16:04:17,529 [INFO] __main__ - source=siscobra_planalto enabled=True category=success status=SUCCESS final_stage=send_server started=2026-03-13T16:03:53 finished=2026-03-13T16:04:17 duration_s=23.543 expected=Exportacao_Siscobra_Planalto_20260312.csv resolved=Exportacao_Siscobra_Planalto_20260312.csv server=True ftp=False error=-
2026-03-13 16:04:17,530 [INFO] __main__ - Resumo do ciclo: status=SUCCESS started=2026-03-13T16:03:53 finished=2026-03-13T16:04:17 duration_s=23.548 enabled=2 success=1 failed=0 not_found=0 skipped=1 disabled=0
2026-03-13 16:04:17,530 [INFO] __main__ - Resumo observabilidade persistido em C:\Projetos\revo360-bot\downloads\logs\cycle_summary_2026-03-12.json
2026-03-13 16:04:17,531 [INFO] __main__ - Lock de instancia removido: C:\Projetos\revo360-bot\downloads\logs\revo360.lock
